[1728288122.375][INFO]: Starting ChromeDriver 129.0.6668.70 (df87d5cf12b1397be7495a04cab2db6239b227a8-refs/branch-heads/6668@{#1420}) on port 23980
[1728288122.375][INFO]: Please see https://chromedriver.chromium.org/security-considerations for suggestions on keeping ChromeDriver safe.
[1728288122.378][INFO]: ChromeDriver was started successfully on port 23980
[1728288122.403][INFO]: [86a1192e320c2f31f75d1fb0fd9d3898] COMMAND InitSession {
   "capabilities": {
      "firstMatch": [ {
         "browserName": "chrome",
         "goog:chromeOptions": {
            "args": [ "--headless=new", "user-agent=Mozilla/5.0 (Windows NT 10.0; Win64; x64) AppleWebKit/537.36 (KHTML, like Gecko) Chrome/91.0.4472.124 Safari/537.36" ],
            "extensions": [  ]
         }
      } ]
   }
}
[1728288122.403][INFO]: Browser search. Trying... C:\Users\user1\Documents\backend\bookworkspace\GoMatch\src\main\resources\static\driver\chrome.exe
[1728288122.403][INFO]: Browser search. Trying... C:\Users\user1\Documents\backend\bookworkspace\GoMatch\src\main\resources\static\driver\chrome.exe
[1728288122.403][INFO]: Browser search. Trying... C:\Users\user1\Documents\backend\bookworkspace\GoMatch\src\main\resources\static\driver\chromium.exe
[1728288122.405][INFO]: Browser search. Trying... C:\Users\user1\AppData\Local\Google\Chrome\Application\chrome.exe
[1728288122.405][INFO]: Browser search. Trying... C:\Program Files\Google\Chrome\Application\chrome.exe
[1728288122.405][INFO]: Browser search. Found at  C:\Program Files\Google\Chrome\Application\chrome.exe
[1728288122.406][INFO]: Populating Preferences file: {
   "alternate_error_pages": {
      "enabled": false
   },
   "autofill": {
      "enabled": false
   },
   "browser": {
      "check_default_browser": false
   },
   "distribution": {
      "import_bookmarks": false,
      "import_history": false,
      "import_search_engine": false,
      "make_chrome_default_for_user": false,
      "skip_first_run_ui": true
   },
   "dns_prefetching": {
      "enabled": false
   },
   "profile": {
      "content_settings": {
         "pattern_pairs": {
            "https://*,*": {
               "media-stream": {
                  "audio": "Default",
                  "video": "Default"
               }
            }
         }
      },
      "default_content_setting_values": {
         "geolocation": 1
      },
      "default_content_settings": {
         "geolocation": 1,
         "mouselock": 1,
         "notifications": 1,
         "popups": 1,
         "ppapi-broker": 1
      },
      "password_manager_enabled": false
   },
   "safebrowsing": {
      "enabled": false
   },
   "search": {
      "suggest_enabled": false
   },
   "translate": {
      "enabled": false
   }
}
[1728288122.406][INFO]: Populating Local State file: {
   "background_mode": {
      "enabled": false
   },
   "ssl": {
      "rev_checking": {
         "enabled": false
      }
   }
}
[1728288122.407][INFO]: ChromeDriver supports communication with Chrome via pipes. This is more reliable and more secure.
[1728288122.407][INFO]: Use the --remote-debugging-pipe Chrome switch instead of the default --remote-debugging-port to enable this communication mode.
[1728288122.408][INFO]: Launching chrome: "C:\Program Files\Google\Chrome\Application\chrome.exe" --allow-pre-commit-input --disable-background-networking --disable-backgrounding-occluded-windows --disable-client-side-phishing-detection --disable-default-apps --disable-hang-monitor --disable-popup-blocking --disable-prompt-on-repost --disable-sync --enable-automation --enable-logging --headless=new --log-level=0 --no-first-run --no-service-autorun --password-store=basic --remote-debugging-port=0 --test-type=webdriver --use-mock-keychain --user-agent="Mozilla/5.0 (Windows NT 10.0; Win64; x64) AppleWebKit/537.36 (KHTML, like Gecko) Chrome/91.0.4472.124 Safari/537.36" --user-data-dir="C:\Users\user1\AppData\Local\Temp\scoped_dir14828_168117796" data:,
[1728288122.783][DEBUG]: DevTools HTTP Request: http://localhost:60639/json/version
[1728288123.097][DEBUG]: DevTools HTTP Response: {
   "Browser": "Chrome/129.0.6668.90",
   "Protocol-Version": "1.3",
   "User-Agent": "Mozilla/5.0 (Windows NT 10.0; Win64; x64) AppleWebKit/537.36 (KHTML, like Gecko) Chrome/91.0.4472.124 Safari/537.36",
   "V8-Version": "12.9.202.24",
   "WebKit-Version": "537.36 (@abb728f8afc6a86cc66b1313f5056728ce422ddd)",
   "webSocketDebuggerUrl": "ws://localhost:60639/devtools/browser/4473bfb7-42df-4816-a77a-42ec06b79acf"
}

[1728288123.097][DEBUG]: DevTools HTTP Request: http://localhost:60639/json/list
[1728288123.098][DEBUG]: DevTools HTTP Response: [ {
   "description": "",
   "devtoolsFrontendUrl": "/devtools/inspector.html?ws=localhost:60639/devtools/page/F0CD0C35B6B14C27B8460D10538DFED4",
   "id": "F0CD0C35B6B14C27B8460D10538DFED4",
   "title": "data:,",
   "type": "page",
   "url": "data:,",
   "webSocketDebuggerUrl": "ws://localhost:60639/devtools/page/F0CD0C35B6B14C27B8460D10538DFED4"
} ]

[1728288123.104][INFO]: resolved localhost to ["::1","127.0.0.1"]
[1728288123.105][DEBUG]: DevTools WebSocket Command: Target.getTargets (id=1) (session_id=) browser {
}
[1728288123.105][DEBUG]: DevTools WebSocket Response: Target.getTargets (id=1) (session_id=) browser {
   "targetInfos": [ {
      "attached": false,
      "browserContextId": "06E82046117AC81DEAFEBCCEEBE9BCEA",
      "canAccessOpener": false,
      "targetId": "F0CD0C35B6B14C27B8460D10538DFED4",
      "title": "data:,",
      "type": "page",
      "url": "data:,"
   } ]
}
[1728288123.105][DEBUG]: DevTools WebSocket Command: Target.attachToTarget (id=2) (session_id=) browser {
   "flatten": true,
   "targetId": "F0CD0C35B6B14C27B8460D10538DFED4"
}
[1728288123.105][DEBUG]: DevTools WebSocket Event: Target.attachedToTarget (session_id=) browser {
   "sessionId": "D138217FB8E61B9E1A11932D6B6119D4",
   "targetInfo": {
      "attached": true,
      "browserContextId": "06E82046117AC81DEAFEBCCEEBE9BCEA",
      "canAccessOpener": false,
      "targetId": "F0CD0C35B6B14C27B8460D10538DFED4",
      "title": "data:,",
      "type": "page",
      "url": "data:,"
   },
   "waitingForDebugger": false
}
[1728288123.105][DEBUG]: DevTools WebSocket Response: Target.attachToTarget (id=2) (session_id=) browser {
   "sessionId": "D138217FB8E61B9E1A11932D6B6119D4"
}
[1728288123.106][DEBUG]: DevTools WebSocket Command: Page.enable (id=3) (session_id=D138217FB8E61B9E1A11932D6B6119D4) F0CD0C35B6B14C27B8460D10538DFED4 {
}
[1728288123.106][DEBUG]: DevTools WebSocket Command: Page.addScriptToEvaluateOnNewDocument (id=4) (session_id=D138217FB8E61B9E1A11932D6B6119D4) F0CD0C35B6B14C27B8460D10538DFED4 {
   "source": "(function () {window.cdc_adoQpoasnfa76pfcZLmcfl_Array = window.Array;window.cdc_adoQpoasnfa76pfcZLmcfl_Object = window.Object;window.cdc_adoQpoasnfa76pfcZLmcfl_Promise = window.Promise;window.cdc_a..."
}
[1728288123.106][DEBUG]: DevTools WebSocket Command: Runtime.evaluate (id=5) (session_id=D138217FB8E61B9E1A11932D6B6119D4) F0CD0C35B6B14C27B8460D10538DFED4 {
   "expression": "(function () {window.cdc_adoQpoasnfa76pfcZLmcfl_Array = window.Array;window.cdc_adoQpoasnfa76pfcZLmcfl_Object = window.Object;window.cdc_adoQpoasnfa76pfcZLmcfl_Promise = window.Promise;window.cdc_a..."
}
[1728288123.106][DEBUG]: DevTools WebSocket Command: Log.enable (id=6) (session_id=D138217FB8E61B9E1A11932D6B6119D4) F0CD0C35B6B14C27B8460D10538DFED4 {
}
[1728288123.106][DEBUG]: DevTools WebSocket Command: Target.setAutoAttach (id=7) (session_id=D138217FB8E61B9E1A11932D6B6119D4) F0CD0C35B6B14C27B8460D10538DFED4 {
   "autoAttach": true,
   "flatten": true,
   "waitForDebuggerOnStart": false
}
[1728288123.106][DEBUG]: DevTools WebSocket Response: Page.enable (id=3) (session_id=D138217FB8E61B9E1A11932D6B6119D4) F0CD0C35B6B14C27B8460D10538DFED4 {
}
[1728288123.107][DEBUG]: DevTools WebSocket Response: Page.addScriptToEvaluateOnNewDocument (id=4) (session_id=D138217FB8E61B9E1A11932D6B6119D4) F0CD0C35B6B14C27B8460D10538DFED4 {
   "identifier": "1"
}
[1728288123.107][DEBUG]: DevTools WebSocket Response: Runtime.evaluate (id=5) (session_id=D138217FB8E61B9E1A11932D6B6119D4) F0CD0C35B6B14C27B8460D10538DFED4 {
   "result": {
      "type": "undefined"
   }
}
[1728288123.107][DEBUG]: DevTools WebSocket Response: Log.enable (id=6) (session_id=D138217FB8E61B9E1A11932D6B6119D4) F0CD0C35B6B14C27B8460D10538DFED4 {
}
[1728288123.108][DEBUG]: DevTools WebSocket Response: Target.setAutoAttach (id=7) (session_id=D138217FB8E61B9E1A11932D6B6119D4) F0CD0C35B6B14C27B8460D10538DFED4 {
}
[1728288123.108][DEBUG]: DevTools WebSocket Command: Runtime.enable (id=8) (session_id=D138217FB8E61B9E1A11932D6B6119D4) F0CD0C35B6B14C27B8460D10538DFED4 {
}
[1728288123.109][DEBUG]: DevTools WebSocket Event: Runtime.executionContextCreated (session_id=D138217FB8E61B9E1A11932D6B6119D4) F0CD0C35B6B14C27B8460D10538DFED4 {
   "context": {
      "auxData": {
         "frameId": "F0CD0C35B6B14C27B8460D10538DFED4",
         "isDefault": true,
         "type": "default"
      },
      "id": 1,
      "name": "",
      "origin": "://",
      "uniqueId": "6984188198428503074.559422844869687750"
   }
}
[1728288123.109][DEBUG]: DevTools WebSocket Response: Runtime.enable (id=8) (session_id=D138217FB8E61B9E1A11932D6B6119D4) F0CD0C35B6B14C27B8460D10538DFED4 {
}
[1728288123.109][DEBUG]: DevTools WebSocket Command: Runtime.enable (id=9) (session_id=D138217FB8E61B9E1A11932D6B6119D4) F0CD0C35B6B14C27B8460D10538DFED4 {
}
[1728288123.110][DEBUG]: DevTools WebSocket Response: Runtime.enable (id=9) (session_id=D138217FB8E61B9E1A11932D6B6119D4) F0CD0C35B6B14C27B8460D10538DFED4 {
}
[1728288123.110][INFO]: [86a1192e320c2f31f75d1fb0fd9d3898] RESPONSE InitSession {
   "capabilities": {
      "acceptInsecureCerts": false,
      "browserName": "chrome",
      "browserVersion": "129.0.6668.90",
      "chrome": {
         "chromedriverVersion": "129.0.6668.70 (df87d5cf12b1397be7495a04cab2db6239b227a8-refs/branch-heads/6668@{#1420})",
         "userDataDir": "C:\\Users\\user1\\AppData\\Local\\Temp\\scoped_dir14828_168117796"
      },
      "fedcm:accounts": true,
      "goog:chromeOptions": {
         "debuggerAddress": "localhost:60639"
      },
      "networkConnectionEnabled": false,
      "pageLoadStrategy": "normal",
      "platformName": "windows",
      "proxy": {
      },
      "setWindowRect": true,
      "strictFileInteractability": false,
      "timeouts": {
         "implicit": 0,
         "pageLoad": 300000,
         "script": 30000
      },
      "unhandledPromptBehavior": "dismiss and notify",
      "webauthn:extension:credBlob": true,
      "webauthn:extension:largeBlob": true,
      "webauthn:extension:minPinLength": true,
      "webauthn:extension:prf": true,
      "webauthn:virtualAuthenticators": true
   },
   "sessionId": "86a1192e320c2f31f75d1fb0fd9d3898"
}
[1728288123.119][INFO]: [86a1192e320c2f31f75d1fb0fd9d3898] COMMAND Navigate {
   "url": "https://sports.daum.net/schedule/kbo?date=202410"
}
[1728288123.119][INFO]: Waiting for pending navigations...
[1728288123.119][DEBUG]: DevTools WebSocket Command: Runtime.evaluate (id=10) (session_id=D138217FB8E61B9E1A11932D6B6119D4) F0CD0C35B6B14C27B8460D10538DFED4 {
   "expression": "1"
}
[1728288123.119][DEBUG]: DevTools WebSocket Response: Runtime.evaluate (id=10) (session_id=D138217FB8E61B9E1A11932D6B6119D4) F0CD0C35B6B14C27B8460D10538DFED4 {
   "result": {
      "description": "1",
      "type": "number",
      "value": 1
   }
}
[1728288123.119][DEBUG]: DevTools WebSocket Command: Runtime.evaluate (id=11) (session_id=D138217FB8E61B9E1A11932D6B6119D4) F0CD0C35B6B14C27B8460D10538DFED4 {
   "expression": "document",
   "objectGroup": "67442e4e-bdaf-4a2a-998f-98be975b5daa"
}
[1728288123.120][DEBUG]: DevTools WebSocket Response: Runtime.evaluate (id=11) (session_id=D138217FB8E61B9E1A11932D6B6119D4) F0CD0C35B6B14C27B8460D10538DFED4 {
   "result": {
      "className": "HTMLDocument",
      "description": "#document",
      "objectId": "-8399367182510302870.1.1",
      "subtype": "node",
      "type": "object"
   }
}
[1728288123.120][DEBUG]: DevTools WebSocket Command: DOM.describeNode (id=12) (session_id=D138217FB8E61B9E1A11932D6B6119D4) F0CD0C35B6B14C27B8460D10538DFED4 {
   "objectId": "-8399367182510302870.1.1"
}
[1728288123.120][DEBUG]: DevTools WebSocket Response: DOM.describeNode (id=12) (session_id=D138217FB8E61B9E1A11932D6B6119D4) F0CD0C35B6B14C27B8460D10538DFED4 {
   "node": {
      "backendNodeId": 1,
      "baseURL": "data:,",
      "childNodeCount": 1,
      "compatibilityMode": "NoQuirksMode",
      "documentURL": "data:,",
      "localName": "",
      "nodeId": 0,
      "nodeName": "#document",
      "nodeType": 9,
      "nodeValue": "",
      "xmlVersion": ""
   }
}
[1728288123.120][DEBUG]: DevTools WebSocket Command: Runtime.releaseObjectGroup (id=13) (session_id=D138217FB8E61B9E1A11932D6B6119D4) F0CD0C35B6B14C27B8460D10538DFED4 {
   "objectGroup": "67442e4e-bdaf-4a2a-998f-98be975b5daa"
}
[1728288123.120][DEBUG]: DevTools WebSocket Command: Runtime.evaluate (id=14) (session_id=D138217FB8E61B9E1A11932D6B6119D4) F0CD0C35B6B14C27B8460D10538DFED4 {
   "awaitPromise": false,
   "expression": "document.readyState",
   "returnByValue": true,
   "uniqueContextId": "6984188198428503074.559422844869687750"
}
[1728288123.120][DEBUG]: DevTools WebSocket Response: Runtime.releaseObjectGroup (id=13) (session_id=D138217FB8E61B9E1A11932D6B6119D4) F0CD0C35B6B14C27B8460D10538DFED4 {
}
[1728288123.120][DEBUG]: DevTools WebSocket Response: Runtime.evaluate (id=14) (session_id=D138217FB8E61B9E1A11932D6B6119D4) F0CD0C35B6B14C27B8460D10538DFED4 {
   "result": {
      "type": "string",
      "value": "complete"
   }
}
[1728288123.120][INFO]: Done waiting for pending navigations. Status: ok
[1728288123.120][DEBUG]: DevTools WebSocket Command: Page.navigate (id=15) (session_id=D138217FB8E61B9E1A11932D6B6119D4) F0CD0C35B6B14C27B8460D10538DFED4 {
   "url": "https://sports.daum.net/schedule/kbo?date=202410"
}
[1728288123.128][DEBUG]: DevTools WebSocket Event: Page.frameStartedLoading (session_id=D138217FB8E61B9E1A11932D6B6119D4) F0CD0C35B6B14C27B8460D10538DFED4 {
   "frameId": "F0CD0C35B6B14C27B8460D10538DFED4"
}
[1728288123.216][DEBUG]: DevTools WebSocket Response: Page.navigate (id=15) (session_id=D138217FB8E61B9E1A11932D6B6119D4) F0CD0C35B6B14C27B8460D10538DFED4 {
   "frameId": "F0CD0C35B6B14C27B8460D10538DFED4",
   "loaderId": "387C8F82B2454C12A1798E77B4095D66"
}
[1728288123.216][INFO]: Waiting for pending navigations...
[1728288123.216][DEBUG]: DevTools WebSocket Command: Runtime.evaluate (id=16) (session_id=D138217FB8E61B9E1A11932D6B6119D4) F0CD0C35B6B14C27B8460D10538DFED4 {
   "expression": "1"
}
[1728288123.217][DEBUG]: DevTools WebSocket Event: Runtime.executionContextsCleared (session_id=D138217FB8E61B9E1A11932D6B6119D4) F0CD0C35B6B14C27B8460D10538DFED4 {
}
[1728288123.217][DEBUG]: DevTools WebSocket Event: Runtime.executionContextsCleared (session_id=D138217FB8E61B9E1A11932D6B6119D4) F0CD0C35B6B14C27B8460D10538DFED4 {
}
[1728288123.217][DEBUG]: DevTools WebSocket Event: Page.frameNavigated (session_id=D138217FB8E61B9E1A11932D6B6119D4) F0CD0C35B6B14C27B8460D10538DFED4 {
   "frame": {
      "adFrameStatus": {
         "adFrameType": "none"
      },
      "crossOriginIsolatedContextType": "NotIsolated",
      "domainAndRegistry": "daum.net",
      "gatedAPIFeatures": [  ],
      "id": "F0CD0C35B6B14C27B8460D10538DFED4",
      "loaderId": "387C8F82B2454C12A1798E77B4095D66",
      "mimeType": "text/html",
      "secureContextType": "Secure",
      "securityOrigin": "https://sports.daum.net",
      "url": "https://sports.daum.net/schedule/kbo?date=202410"
   },
   "type": "Navigation"
}
[1728288123.224][DEBUG]: DevTools WebSocket Event: Runtime.executionContextCreated (session_id=D138217FB8E61B9E1A11932D6B6119D4) F0CD0C35B6B14C27B8460D10538DFED4 {
   "context": {
      "auxData": {
         "frameId": "F0CD0C35B6B14C27B8460D10538DFED4",
         "isDefault": true,
         "type": "default"
      },
      "id": 1,
      "name": "",
      "origin": "https://sports.daum.net",
      "uniqueId": "7651667660932808261.3066021462235701790"
   }
}
[1728288123.227][DEBUG]: DevTools WebSocket Response: Runtime.evaluate (id=16) (session_id=D138217FB8E61B9E1A11932D6B6119D4) F0CD0C35B6B14C27B8460D10538DFED4 {
   "result": {
      "description": "1",
      "type": "number",
      "value": 1
   }
}
[1728288123.343][DEBUG]: DevTools WebSocket Event: Page.frameResized (session_id=D138217FB8E61B9E1A11932D6B6119D4) F0CD0C35B6B14C27B8460D10538DFED4 {
}
[1728288123.344][DEBUG]: DevTools WebSocket Command: Runtime.evaluate (id=17) (session_id=D138217FB8E61B9E1A11932D6B6119D4) F0CD0C35B6B14C27B8460D10538DFED4 {
   "expression": "1"
}
[1728288123.354][DEBUG]: DevTools WebSocket Response: Runtime.evaluate (id=17) (session_id=D138217FB8E61B9E1A11932D6B6119D4) F0CD0C35B6B14C27B8460D10538DFED4 {
   "result": {
      "description": "1",
      "type": "number",
      "value": 1
   }
}
[1728288123.493][DEBUG]: DevTools WebSocket Event: Page.frameResized (session_id=D138217FB8E61B9E1A11932D6B6119D4) F0CD0C35B6B14C27B8460D10538DFED4 {
}
[1728288123.493][DEBUG]: DevTools WebSocket Command: Runtime.evaluate (id=18) (session_id=D138217FB8E61B9E1A11932D6B6119D4) F0CD0C35B6B14C27B8460D10538DFED4 {
   "expression": "1"
}
[1728288123.516][DEBUG]: DevTools WebSocket Response: Runtime.evaluate (id=18) (session_id=D138217FB8E61B9E1A11932D6B6119D4) F0CD0C35B6B14C27B8460D10538DFED4 {
   "result": {
      "description": "1",
      "type": "number",
      "value": 1
   }
}
[1728288123.517][DEBUG]: DevTools WebSocket Event: Page.domContentEventFired (session_id=D138217FB8E61B9E1A11932D6B6119D4) F0CD0C35B6B14C27B8460D10538DFED4 {
   "timestamp": 449174.578721
}
[1728288123.517][DEBUG]: DevTools WebSocket Command: Runtime.evaluate (id=19) (session_id=D138217FB8E61B9E1A11932D6B6119D4) F0CD0C35B6B14C27B8460D10538DFED4 {
   "expression": "1"
}
[1728288123.532][DEBUG]: DevTools WebSocket Response: Runtime.evaluate (id=19) (session_id=D138217FB8E61B9E1A11932D6B6119D4) F0CD0C35B6B14C27B8460D10538DFED4 {
   "result": {
      "description": "1",
      "type": "number",
      "value": 1
   }
}
[1728288123.549][DEBUG]: DevTools WebSocket Event: Page.frameAttached (session_id=D138217FB8E61B9E1A11932D6B6119D4) F0CD0C35B6B14C27B8460D10538DFED4 {
   "frameId": "B5E987AA92EB1B49C376F49F2B40E10A",
   "parentFrameId": "F0CD0C35B6B14C27B8460D10538DFED4",
   "stack": {
      "callFrames": [ {
         "columnNumber": 86559,
         "functionName": "value",
         "lineNumber": 3,
         "scriptId": "15",
         "url": "https://t1.daumcdn.net/kas/static/ba.min.js"
      }, {
         "columnNumber": 85921,
         "functionName": "",
         "lineNumber": 3,
         "scriptId": "15",
         "url": "https://t1.daumcdn.net/kas/static/ba.min.js"
      }, {
         "columnNumber": 85761,
         "functionName": "value",
         "lineNumber": 3,
         "scriptId": "15",
         "url": "https://t1.daumcdn.net/kas/static/ba.min.js"
      }, {
         "columnNumber": 85645,
         "functionName": "value",
         "lineNumber": 3,
         "scriptId": "15",
         "url": "https://t1.daumcdn.net/kas/static/ba.min.js"
      }, {
         "columnNumber": 92183,
         "functionName": "",
         "lineNumber": 3,
         "scriptId": "15",
         "url": "https://t1.daumcdn.net/kas/static/ba.min.js"
      }, {
         "columnNumber": 678,
         "functionName": "h",
         "lineNumber": 3,
         "scriptId": "15",
         "url": "https://t1.daumcdn.net/kas/static/ba.min.js"
      }, {
         "columnNumber": 2015,
         "functionName": "",
         "lineNumber": 3,
         "scriptId": "15",
         "url": "https://t1.daumcdn.net/kas/static/ba.min.js"
      }, {
         "columnNumber": 1041,
         "functionName": "",
         "lineNumber": 3,
         "scriptId": "15",
         "url": "https://t1.daumcdn.net/kas/static/ba.min.js"
      }, {
         "columnNumber": 2092,
         "functionName": "P",
         "lineNumber": 1,
         "scriptId": "15",
         "url": "https://t1.daumcdn.net/kas/static/ba.min.js"
      }, {
         "columnNumber": 2283,
         "functionName": "a",
         "lineNumber": 1,
         "scriptId": "15",
         "url": "https://t1.daumcdn.net/kas/static/ba.min.js"
      }, {
         "columnNumber": 2342,
         "functionName": "",
         "lineNumber": 1,
         "scriptId": "15",
         "url": "https://t1.daumcdn.net/kas/static/ba.min.js"
      }, {
         "columnNumber": 2229,
         "functionName": "",
         "lineNumber": 1,
         "scriptId": "15",
         "url": "https://t1.daumcdn.net/kas/static/ba.min.js"
      }, {
         "columnNumber": 92402,
         "functionName": "",
         "lineNumber": 3,
         "scriptId": "15",
         "url": "https://t1.daumcdn.net/kas/static/ba.min.js"
      }, {
         "columnNumber": 88230,
         "functionName": "e",
         "lineNumber": 3,
         "scriptId": "15",
         "url": "https://t1.daumcdn.net/kas/static/ba.min.js"
      }, {
         "columnNumber": 207479,
         "functionName": "value",
         "lineNumber": 3,
         "scriptId": "15",
         "url": "https://t1.daumcdn.net/kas/static/ba.min.js"
      }, {
         "columnNumber": 205646,
         "functionName": "e",
         "lineNumber": 3,
         "scriptId": "15",
         "url": "https://t1.daumcdn.net/kas/static/ba.min.js"
      }, {
         "columnNumber": 207972,
         "functionName": "e.entry",
         "lineNumber": 3,
         "scriptId": "15",
         "url": "https://t1.daumcdn.net/kas/static/ba.min.js"
      }, {
         "columnNumber": 208807,
         "functionName": "",
         "lineNumber": 3,
         "scriptId": "15",
         "url": "https://t1.daumcdn.net/kas/static/ba.min.js"
      }, {
         "columnNumber": 209579,
         "functionName": "",
         "lineNumber": 3,
         "scriptId": "15",
         "url": "https://t1.daumcdn.net/kas/static/ba.min.js"
      } ]
   }
}
[1728288123.549][DEBUG]: DevTools WebSocket Command: Runtime.evaluate (id=20) (session_id=D138217FB8E61B9E1A11932D6B6119D4) F0CD0C35B6B14C27B8460D10538DFED4 {
   "expression": "1"
}
[1728288123.549][DEBUG]: DevTools WebSocket Event: Page.frameRequestedNavigation (session_id=D138217FB8E61B9E1A11932D6B6119D4) F0CD0C35B6B14C27B8460D10538DFED4 {
   "disposition": "currentTab",
   "frameId": "B5E987AA92EB1B49C376F49F2B40E10A",
   "reason": "initialFrameNavigation",
   "url": "https://t1.daumcdn.net/kas/static/third-party/cookie/ct2.html"
}
[1728288123.551][DEBUG]: DevTools WebSocket Event: Page.frameStartedLoading (session_id=D138217FB8E61B9E1A11932D6B6119D4) F0CD0C35B6B14C27B8460D10538DFED4 {
   "frameId": "B5E987AA92EB1B49C376F49F2B40E10A"
}
[1728288123.555][DEBUG]: DevTools WebSocket Response: Runtime.evaluate (id=20) (session_id=D138217FB8E61B9E1A11932D6B6119D4) F0CD0C35B6B14C27B8460D10538DFED4 {
   "result": {
      "description": "1",
      "type": "number",
      "value": 1
   }
}
[1728288123.563][DEBUG]: DevTools WebSocket Event: Target.attachedToTarget (session_id=D138217FB8E61B9E1A11932D6B6119D4) F0CD0C35B6B14C27B8460D10538DFED4 {
   "sessionId": "0AB22EC06148358D8461E64160195840",
   "targetInfo": {
      "attached": true,
      "browserContextId": "06E82046117AC81DEAFEBCCEEBE9BCEA",
      "canAccessOpener": false,
      "targetId": "B5E987AA92EB1B49C376F49F2B40E10A",
      "title": "",
      "type": "iframe",
      "url": ""
   },
   "waitingForDebugger": false
}
[1728288123.564][DEBUG]: DevTools WebSocket Command: Page.enable (id=21) (session_id=0AB22EC06148358D8461E64160195840) 0AB22EC06148358D8461E64160195840 {
}
[1728288123.564][DEBUG]: DevTools WebSocket Command: Page.addScriptToEvaluateOnNewDocument (id=22) (session_id=0AB22EC06148358D8461E64160195840) 0AB22EC06148358D8461E64160195840 {
   "source": "(function () {window.cdc_adoQpoasnfa76pfcZLmcfl_Array = window.Array;window.cdc_adoQpoasnfa76pfcZLmcfl_Object = window.Object;window.cdc_adoQpoasnfa76pfcZLmcfl_Promise = window.Promise;window.cdc_a..."
}
[1728288123.564][DEBUG]: DevTools WebSocket Command: Runtime.evaluate (id=23) (session_id=0AB22EC06148358D8461E64160195840) 0AB22EC06148358D8461E64160195840 {
   "expression": "(function () {window.cdc_adoQpoasnfa76pfcZLmcfl_Array = window.Array;window.cdc_adoQpoasnfa76pfcZLmcfl_Object = window.Object;window.cdc_adoQpoasnfa76pfcZLmcfl_Promise = window.Promise;window.cdc_a..."
}
[1728288123.564][DEBUG]: DevTools WebSocket Command: Target.setAutoAttach (id=24) (session_id=0AB22EC06148358D8461E64160195840) 0AB22EC06148358D8461E64160195840 {
   "autoAttach": true,
   "flatten": true,
   "waitForDebuggerOnStart": false
}
[1728288123.566][DEBUG]: DevTools WebSocket Event: Target.targetInfoChanged (session_id=D138217FB8E61B9E1A11932D6B6119D4) F0CD0C35B6B14C27B8460D10538DFED4 {
   "targetInfo": {
      "attached": true,
      "browserContextId": "06E82046117AC81DEAFEBCCEEBE9BCEA",
      "canAccessOpener": false,
      "targetId": "B5E987AA92EB1B49C376F49F2B40E10A",
      "title": "https://t1.daumcdn.net/kas/static/third-party/cookie/ct2.html",
      "type": "iframe",
      "url": "https://t1.daumcdn.net/kas/static/third-party/cookie/ct2.html"
   }
}
[1728288123.566][DEBUG]: DevTools WebSocket Event: Page.frameDetached (session_id=D138217FB8E61B9E1A11932D6B6119D4) F0CD0C35B6B14C27B8460D10538DFED4 {
   "frameId": "B5E987AA92EB1B49C376F49F2B40E10A",
   "reason": "swap"
}
[1728288123.567][DEBUG]: DevTools WebSocket Response: Page.enable (id=21) (session_id=0AB22EC06148358D8461E64160195840) 0AB22EC06148358D8461E64160195840 {
}
[1728288123.567][DEBUG]: DevTools WebSocket Response: Page.addScriptToEvaluateOnNewDocument (id=22) (session_id=0AB22EC06148358D8461E64160195840) 0AB22EC06148358D8461E64160195840 {
   "identifier": "1"
}
[1728288123.567][DEBUG]: DevTools WebSocket Response: Runtime.evaluate (id=23) (session_id=0AB22EC06148358D8461E64160195840) 0AB22EC06148358D8461E64160195840 {
   "result": {
      "type": "undefined"
   }
}
[1728288123.567][DEBUG]: DevTools WebSocket Response: Target.setAutoAttach (id=24) (session_id=0AB22EC06148358D8461E64160195840) 0AB22EC06148358D8461E64160195840 {
}
[1728288123.567][DEBUG]: DevTools WebSocket Command: Runtime.enable (id=25) (session_id=0AB22EC06148358D8461E64160195840) 0AB22EC06148358D8461E64160195840 {
}
[1728288123.570][DEBUG]: DevTools WebSocket Event: Page.domContentEventFired (session_id=0AB22EC06148358D8461E64160195840) 0AB22EC06148358D8461E64160195840 {
   "timestamp": 449174.631346
}
[1728288123.570][DEBUG]: DevTools WebSocket Event: Page.loadEventFired (session_id=0AB22EC06148358D8461E64160195840) 0AB22EC06148358D8461E64160195840 {
   "timestamp": 449174.631514
}
[1728288123.570][DEBUG]: DevTools WebSocket Event: Page.frameStoppedLoading (session_id=0AB22EC06148358D8461E64160195840) 0AB22EC06148358D8461E64160195840 {
   "frameId": "B5E987AA92EB1B49C376F49F2B40E10A"
}
[1728288123.570][DEBUG]: DevTools WebSocket Event: Runtime.executionContextCreated (session_id=0AB22EC06148358D8461E64160195840) 0AB22EC06148358D8461E64160195840 {
   "context": {
      "auxData": {
         "frameId": "B5E987AA92EB1B49C376F49F2B40E10A",
         "isDefault": true,
         "type": "default"
      },
      "id": 1,
      "name": "",
      "origin": "https://t1.daumcdn.net",
      "uniqueId": "5940904512232098208.465862224259387000"
   }
}
[1728288123.570][DEBUG]: DevTools WebSocket Response: Runtime.enable (id=25) (session_id=0AB22EC06148358D8461E64160195840) 0AB22EC06148358D8461E64160195840 {
}
[1728288123.570][DEBUG]: DevTools WebSocket Command: Runtime.evaluate (id=26) (session_id=D138217FB8E61B9E1A11932D6B6119D4) F0CD0C35B6B14C27B8460D10538DFED4 {
   "expression": "1"
}
[1728288123.570][DEBUG]: DevTools WebSocket Event: Page.loadEventFired (session_id=D138217FB8E61B9E1A11932D6B6119D4) F0CD0C35B6B14C27B8460D10538DFED4 {
   "timestamp": 449174.631876
}
[1728288123.570][DEBUG]: DevTools WebSocket Command: Runtime.evaluate (id=27) (session_id=D138217FB8E61B9E1A11932D6B6119D4) F0CD0C35B6B14C27B8460D10538DFED4 {
   "awaitPromise": false,
   "expression": "document.readyState",
   "returnByValue": true,
   "uniqueContextId": "7651667660932808261.3066021462235701790"
}
[1728288123.571][DEBUG]: DevTools WebSocket Event: Page.frameStoppedLoading (session_id=D138217FB8E61B9E1A11932D6B6119D4) F0CD0C35B6B14C27B8460D10538DFED4 {
   "frameId": "F0CD0C35B6B14C27B8460D10538DFED4"
}
[1728288123.571][DEBUG]: DevTools WebSocket Event: Page.frameDetached (session_id=D138217FB8E61B9E1A11932D6B6119D4) F0CD0C35B6B14C27B8460D10538DFED4 {
   "frameId": "B5E987AA92EB1B49C376F49F2B40E10A",
   "reason": "remove"
}
[1728288123.571][DEBUG]: DevTools WebSocket Event: Target.detachedFromTarget (session_id=D138217FB8E61B9E1A11932D6B6119D4) F0CD0C35B6B14C27B8460D10538DFED4 {
   "sessionId": "0AB22EC06148358D8461E64160195840",
   "targetId": "B5E987AA92EB1B49C376F49F2B40E10A"
}
[1728288123.571][DEBUG]: DevTools WebSocket Response: Runtime.evaluate (id=26) (session_id=D138217FB8E61B9E1A11932D6B6119D4) F0CD0C35B6B14C27B8460D10538DFED4 {
   "result": {
      "description": "1",
      "type": "number",
      "value": 1
   }
}
[1728288123.571][DEBUG]: DevTools WebSocket Response: Runtime.evaluate (id=27) (session_id=D138217FB8E61B9E1A11932D6B6119D4) F0CD0C35B6B14C27B8460D10538DFED4 {
   "result": {
      "type": "string",
      "value": "complete"
   }
}
[1728288123.572][INFO]: Done waiting for pending navigations. Status: ok
[1728288123.572][INFO]: [86a1192e320c2f31f75d1fb0fd9d3898] RESPONSE Navigate
[1728288123.574][INFO]: [86a1192e320c2f31f75d1fb0fd9d3898] COMMAND FindElement {
   "using": "css selector",
   "value": "#scheduleList"
}
[1728288123.574][INFO]: Waiting for pending navigations...
[1728288123.574][DEBUG]: DevTools WebSocket Command: Runtime.evaluate (id=28) (session_id=D138217FB8E61B9E1A11932D6B6119D4) F0CD0C35B6B14C27B8460D10538DFED4 {
   "expression": "1"
}
[1728288123.593][DEBUG]: DevTools WebSocket Response: Runtime.evaluate (id=28) (session_id=D138217FB8E61B9E1A11932D6B6119D4) F0CD0C35B6B14C27B8460D10538DFED4 {
   "result": {
      "description": "1",
      "type": "number",
      "value": 1
   }
}
[1728288123.593][INFO]: Done waiting for pending navigations. Status: ok
[1728288123.593][DEBUG]: DevTools WebSocket Command: Page.getFrameTree (id=29) (session_id=D138217FB8E61B9E1A11932D6B6119D4) F0CD0C35B6B14C27B8460D10538DFED4 {
}
[1728288123.612][DEBUG]: DevTools WebSocket Response: Page.getFrameTree (id=29) (session_id=D138217FB8E61B9E1A11932D6B6119D4) F0CD0C35B6B14C27B8460D10538DFED4 {
   "frameTree": {
      "frame": {
         "adFrameStatus": {
            "adFrameType": "none"
         },
         "crossOriginIsolatedContextType": "NotIsolated",
         "domainAndRegistry": "daum.net",
         "gatedAPIFeatures": [  ],
         "id": "F0CD0C35B6B14C27B8460D10538DFED4",
         "loaderId": "387C8F82B2454C12A1798E77B4095D66",
         "mimeType": "text/html",
         "secureContextType": "Secure",
         "securityOrigin": "https://sports.daum.net",
         "url": "https://sports.daum.net/schedule/kbo?date=202410"
      }
   }
}
[1728288123.612][DEBUG]: DevTools WebSocket Command: Page.getFrameTree (id=30) (session_id=D138217FB8E61B9E1A11932D6B6119D4) F0CD0C35B6B14C27B8460D10538DFED4 {
}
[1728288123.612][DEBUG]: DevTools WebSocket Response: Page.getFrameTree (id=30) (session_id=D138217FB8E61B9E1A11932D6B6119D4) F0CD0C35B6B14C27B8460D10538DFED4 {
   "frameTree": {
      "frame": {
         "adFrameStatus": {
            "adFrameType": "none"
         },
         "crossOriginIsolatedContextType": "NotIsolated",
         "domainAndRegistry": "daum.net",
         "gatedAPIFeatures": [  ],
         "id": "F0CD0C35B6B14C27B8460D10538DFED4",
         "loaderId": "387C8F82B2454C12A1798E77B4095D66",
         "mimeType": "text/html",
         "secureContextType": "Secure",
         "securityOrigin": "https://sports.daum.net",
         "url": "https://sports.daum.net/schedule/kbo?date=202410"
      }
   }
}
[1728288123.613][DEBUG]: DevTools WebSocket Command: Runtime.callFunctionOn (id=31) (session_id=D138217FB8E61B9E1A11932D6B6119D4) F0CD0C35B6B14C27B8460D10538DFED4 {
   "arguments": [  ],
   "awaitPromise": true,
   "functionDeclaration": "function(){ return (function() { // Copyright 2012 The Chromium Authors\n// Use of this source code is governed by a BSD-style license that can be\n// found in the LICENSE file.\n\n/**\n * Enum for WebD...",
   "serializationOptions": {
      "serialization": "deep"
   },
   "uniqueContextId": "7651667660932808261.3066021462235701790"
}
[1728288123.617][DEBUG]: DevTools WebSocket Response: Runtime.callFunctionOn (id=31) (session_id=D138217FB8E61B9E1A11932D6B6119D4) F0CD0C35B6B14C27B8460D10538DFED4 {
   "result": {
      "className": "Array",
      "deepSerializedValue": {
         "type": "array",
         "value": [ {
            "type": "string",
            "value": "{\"status\":0,\"value\":{\"element-6066-11e4-a52e-4f735466cecf\":0}}"
         }, {
            "type": "node",
            "value": {
               "attributes": {
                  "id": "scheduleList"
               },
               "backendNodeId": 4199,
               "childNodeCount": 64,
               "loaderId": "387C8F82B2454C12A1798E77B4095D66",
               "localName": "tbody",
               "namespaceURI": "http://www.w3.org/1999/xhtml",
               "nodeType": 1,
               "shadowRoot": null
            }
         } ]
      },
      "description": "Array(2)",
      "objectId": "-2145669742378570461.1.1",
      "subtype": "array",
      "type": "object"
   }
}
[1728288123.617][INFO]: Waiting for pending navigations...
[1728288123.618][DEBUG]: DevTools WebSocket Command: Runtime.evaluate (id=32) (session_id=D138217FB8E61B9E1A11932D6B6119D4) F0CD0C35B6B14C27B8460D10538DFED4 {
   "expression": "1"
}
[1728288123.618][DEBUG]: DevTools WebSocket Response: Runtime.evaluate (id=32) (session_id=D138217FB8E61B9E1A11932D6B6119D4) F0CD0C35B6B14C27B8460D10538DFED4 {
   "result": {
      "description": "1",
      "type": "number",
      "value": 1
   }
}
[1728288123.618][INFO]: Done waiting for pending navigations. Status: ok
[1728288123.618][INFO]: [86a1192e320c2f31f75d1fb0fd9d3898] RESPONSE FindElement {
   "element-6066-11e4-a52e-4f735466cecf": "f.F0CD0C35B6B14C27B8460D10538DFED4.d.387C8F82B2454C12A1798E77B4095D66.e.4199"
}
[1728288123.620][INFO]: [86a1192e320c2f31f75d1fb0fd9d3898] COMMAND ExecuteScript {
   "args": [ {
      "element-6066-11e4-a52e-4f735466cecf": "f.F0CD0C35B6B14C27B8460D10538DFED4.d.387C8F82B2454C12A1798E77B4095D66.e.4199"
   } ],
   "script": "/* isDisplayed */return (function(){return (function(){var g=this||self;\nfunction aa(a){var b=typeof a;if(\"object\"==b)if(a){if(a instanceof Array)return\"array\";if(a instanceof Object)return b;var c=Object.prototype.toString.call(a);if(\"[object Window]\"==c)return\"object\";if(\"[object Array]\"==c||\"number\"==typeof a.length&&\"undefined\"!=typeof a.splice&&\"undefined\"!=typeof a.propertyIsEnumerable&&!a.propertyIsEnumerable(\"splice\"))return\"array\";if(\"[object Function]\"==c||\"undefined\"!=typeof a.call&&\"undefined\"!=typeof a.propertyIsEnumerable&&!a.propertyIsEnumerable(\"call\"))return\"function\"}else return\"null\";else if(\"function\"==\nb&&\"undefined\"==typeof a.call)return\"object\";return b}function ca(a,b){function c(){}c.prototype=b.prototype;a.prototype=new c;a.prototype.constructor=a};var da=Array.prototype.indexOf?function(a,b){return Array.prototype.indexOf.call(a,b,void 0)}:function(a,b){if(\"string\"===typeof a)return\"string\"!==typeof b||1!=b.length?-1:a.indexOf(b,0);for(var c=0;c\u003Ca.length;c++)if(c in a&&a[c]===b)return c;return-1},ea=Array.prototype.some?function(a,b){return Array.prototype.some.call(a,b,void 0)}:function(a,b){for(var c=a.length,e=\"string\"===typeof a?a.split(\"\"):a,d=0;d\u003Cc;d++)if(d in e&&b.call(void 0,e[d],d,a))return!0;return!1},fa=Array.prototype.every?function(a,\nb){return Array.prototype.every.call(a,b,void 0)}:function(a,b){for(var c=a.length,e=\"string\"===typeof a?a.split(\"\"):a,d=0;d\u003Cc;d++)if(d in e&&!b.call(void 0,e[d],d,a))return!1;return!0};var ha={aliceblue:\"#f0f8ff\",antiquewhite:\"#faebd7\",aqua:\"#00ffff\",aquamarine:\"#7fffd4\",azure:\"#f0ffff\",beige:\"#f5f5dc\",bisque:\"#ffe4c4\",black:\"#000000\",blanchedalmond:\"#ffebcd\",blue:\"#0000ff\",blueviolet:\"#8a2be2\",brown:\"#a52a2a\",burlywood:\"#deb887\",cadetblue:\"#5f9ea0\",chartreuse:\"#7fff00\",chocolate:\"#d2691e\",coral:\"#ff7f50\",cornflowerblue:\"#6495ed\",cornsilk:\"#fff8dc\",crimson:\"#dc143c\",cyan:\"#00ffff\",darkblue:\"#00008b\",darkcyan:\"#008b8b\",darkgoldenrod:\"#b8860b\",darkgray:\"#a9a9a9\",darkgreen:\"#006400\",\ndarkgrey:\"#a9a9a9\",darkkhaki:\"#bdb76b\",darkmagenta:\"#8b008b\",darkolivegreen:\"#556b2f\",darkorange:\"#ff8c00\",darkorchid:\"#9932cc\",darkred:\"#8b0000\",darksalmon:\"#e9967a\",darkseagreen:\"#8fbc8f\",darkslateblue:\"#483d8b\",darkslategray:\"#2f4f4f\",darkslategrey:\"#2f4f4f\",darkturquoise:\"#00ced1\",darkviolet:\"#9400d3\",deeppink:\"#ff1493\",deepskyblue:\"#00bfff\",dimgray:\"#696969\",dimgrey:\"#696969\",dodgerblue:\"#1e90ff\",firebrick:\"#b22222\",floralwhite:\"#fffaf0\",forestgreen:\"#228b22\",fuchsia:\"#ff00ff\",gainsboro:\"#dcdcdc\",\nghostwhite:\"#f8f8ff\",gold:\"#ffd700\",goldenrod:\"#daa520\",gray:\"#808080\",green:\"#008000\",greenyellow:\"#adff2f\",grey:\"#808080\",honeydew:\"#f0fff0\",hotpink:\"#ff69b4\",indianred:\"#cd5c5c\",indigo:\"#4b0082\",ivory:\"#fffff0\",khaki:\"#f0e68c\",lavender:\"#e6e6fa\",lavenderblush:\"#fff0f5\",lawngreen:\"#7cfc00\",lemonchiffon:\"#fffacd\",lightblue:\"#add8e6\",lightcoral:\"#f08080\",lightcyan:\"#e0ffff\",lightgoldenrodyellow:\"#fafad2\",lightgray:\"#d3d3d3\",lightgreen:\"#90ee90\",lightgrey:\"#d3d3d3\",lightpink:\"#ffb6c1\",lightsalmon:\"#ffa07a\",\nlightseagreen:\"#20b2aa\",lightskyblue:\"#87cefa\",lightslategray:\"#778899\",lightslategrey:\"#778899\",lightsteelblue:\"#b0c4de\",lightyellow:\"#ffffe0\",lime:\"#00ff00\",limegreen:\"#32cd32\",linen:\"#faf0e6\",magenta:\"#ff00ff\",maroon:\"#800000\",mediumaquamarine:\"#66cdaa\",mediumblue:\"#0000cd\",mediumorchid:\"#ba55d3\",mediumpurple:\"#9370db\",mediumseagreen:\"#3cb371\",mediumslateblue:\"#7b68ee\",mediumspringgreen:\"#00fa9a\",mediumturquoise:\"#48d1cc\",mediumvioletred:\"#c71585\",midnightblue:\"#191970\",mintcream:\"#f5fffa\",mistyrose:\"#ffe4e1\",\nmoccasin:\"#ffe4b5\",navajowhite:\"#ffdead\",navy:\"#000080\",oldlace:\"#fdf5e6\",olive:\"#808000\",olivedrab:\"#6b8e23\",orange:\"#ffa500\",orangered:\"#ff4500\",orchid:\"#da70d6\",palegoldenrod:\"#eee8aa\",palegreen:\"#98fb98\",paleturquoise:\"#afeeee\",palevioletred:\"#db7093\",papayawhip:\"#ffefd5\",peachpuff:\"#ffdab9\",peru:\"#cd853f\",pink:\"#ffc0cb\",plum:\"#dda0dd\",powderblue:\"#b0e0e6\",purple:\"#800080\",red:\"#ff0000\",rosybrown:\"#bc8f8f\",royalblue:\"#4169e1\",saddlebrown:\"#8b4513\",salmon:\"#fa8072\",sandybrown:\"#f4a460\",seagreen:\"#2e8b57\",\nseashell:\"#fff5ee\",sienna:\"#a0522d\",silver:\"#c0c0c0\",skyblue:\"#87ceeb\",slateblue:\"#6a5acd\",slategray:\"#708090\",slategrey:\"#708090\",snow:\"#fffafa\",springgreen:\"#00ff7f\",steelblue:\"#4682b4\",tan:\"#d2b48c\",teal:\"#008080\",thistle:\"#d8bfd8\",tomato:\"#ff6347\",turquoise:\"#40e0d0\",violet:\"#ee82ee\",wheat:\"#f5deb3\",white:\"#ffffff\",whitesmoke:\"#f5f5f5\",yellow:\"#ffff00\",yellowgreen:\"#9acd32\"};var ia=\"backgroundColor borderTopColor borderRightColor borderBottomColor borderLeftColor color outlineColor\".split(\" \"),ja=/#([0-9a-fA-F])([0-9a-fA-F])([0-9a-fA-F])/,ka=/^#(?:[0-9a-f]{3}){1,2}$/i,la=/^(?:rgba)?\\((\\d{1,3}),\\s?(\\d{1,3}),\\s?(\\d{1,3}),\\s?(0|1|0\\.\\d*)\\)$/i,ma=/^(?:rgb)?\\((0|[1-9]\\d{0,2}),\\s?(0|[1-9]\\d{0,2}),\\s?(0|[1-9]\\d{0,2})\\)$/i;function m(a,b){this.code=a;this.a=p[a]||r;this.message=b||\"\";a=this.a.replace(/((?:^|\\s+)[a-z])/g,function(c){return c.toUpperCase().replace(/^[\\s\\xa0]+/g,\"\")});b=a.length-5;if(0>b||a.indexOf(\"Error\",b)!=b)a+=\"Error\";this.name=a;a=Error(this.message);a.name=this.name;this.stack=a.stack||\"\"}ca(m,Error);var r=\"unknown error\",p={15:\"element not selectable\",11:\"element not visible\"};p[31]=r;p[30]=r;p[24]=\"invalid cookie domain\";p[29]=\"invalid element coordinates\";p[12]=\"invalid element state\";\np[32]=\"invalid selector\";p[51]=\"invalid selector\";p[52]=\"invalid selector\";p[17]=\"javascript error\";p[405]=\"unsupported operation\";p[34]=\"move target out of bounds\";p[27]=\"no such alert\";p[7]=\"no such element\";p[8]=\"no such frame\";p[23]=\"no such window\";p[28]=\"script timeout\";p[33]=\"session not created\";p[10]=\"stale element reference\";p[21]=\"timeout\";p[25]=\"unable to set cookie\";p[26]=\"unexpected alert open\";p[13]=r;p[9]=\"unknown command\";var u=String.prototype.trim?function(a){return a.trim()}:function(a){return/^[\\s\\xa0]*([\\s\\S]*?)[\\s\\xa0]*$/.exec(a)[1]};\nfunction na(a,b){var c=0;a=u(String(a)).split(\".\");b=u(String(b)).split(\".\");for(var e=Math.max(a.length,b.length),d=0;0==c&&d\u003Ce;d++){var f=a[d]||\"\",h=b[d]||\"\";do{f=/(\\d*)(\\D*)(.*)/.exec(f)||[\"\",\"\",\"\",\"\"];h=/(\\d*)(\\D*)(.*)/.exec(h)||[\"\",\"\",\"\",\"\"];if(0==f[0].length&&0==h[0].length)break;c=v(0==f[1].length?0:parseInt(f[1],10),0==h[1].length?0:parseInt(h[1],10))||v(0==f[2].length,0==h[2].length)||v(f[2],h[2]);f=f[3];h=h[3]}while(0==c)}return c}function v(a,b){return a\u003Cb?-1:a>b?1:0};var w;a:{var oa=g.navigator;if(oa){var sa=oa.userAgent;if(sa){w=sa;break a}}w=\"\"}function x(a){return-1!=w.indexOf(a)};function y(){return x(\"Firefox\")||x(\"FxiOS\")}function A(){return(x(\"Chrome\")||x(\"CriOS\"))&&!x(\"Edge\")};function ta(a){return String(a).replace(/\\-([a-z])/g,function(b,c){return c.toUpperCase()})};function B(){return x(\"iPhone\")&&!x(\"iPod\")&&!x(\"iPad\")};function ua(a,b){var c=va;return Object.prototype.hasOwnProperty.call(c,a)?c[a]:c[a]=b(a)};var wa=x(\"Opera\"),C=x(\"Trident\")||x(\"MSIE\"),xa=x(\"Edge\"),ya=x(\"Gecko\")&&!(-1!=w.toLowerCase().indexOf(\"webkit\")&&!x(\"Edge\"))&&!(x(\"Trident\")||x(\"MSIE\"))&&!x(\"Edge\"),za=-1!=w.toLowerCase().indexOf(\"webkit\")&&!x(\"Edge\");function Aa(){var a=g.document;return a?a.documentMode:void 0}var E;\na:{var F=\"\",G=function(){var a=w;if(ya)return/rv:([^\\);]+)(\\)|;)/.exec(a);if(xa)return/Edge\\/([\\d\\.]+)/.exec(a);if(C)return/\\b(?:MSIE|rv)[: ]([^\\);]+)(\\)|;)/.exec(a);if(za)return/WebKit\\/(\\S+)/.exec(a);if(wa)return/(?:Version)[ \\/]?(\\S+)/.exec(a)}();G&&(F=G?G[1]:\"\");if(C){var H=Aa();if(null!=H&&H>parseFloat(F)){E=String(H);break a}}E=F}var va={};function Ba(a){return ua(a,function(){return 0\u003C=na(E,a)})}var I;I=g.document&&C?Aa():void 0;var Ca=y(),Da=B()||x(\"iPod\"),Ea=x(\"iPad\"),Fa=x(\"Android\")&&!(A()||y()||x(\"Opera\")||x(\"Silk\")),Ga=A(),Ha=x(\"Safari\")&&!(A()||x(\"Coast\")||x(\"Opera\")||x(\"Edge\")||x(\"Edg/\")||x(\"OPR\")||y()||x(\"Silk\")||x(\"Android\"))&&!(B()||x(\"iPad\")||x(\"iPod\"));function J(a){return(a=a.exec(w))?a[1]:\"\"}(function(){if(Ca)return J(/Firefox\\/([0-9.]+)/);if(C||xa||wa)return E;if(Ga)return B()||x(\"iPad\")||x(\"iPod\")?J(/CriOS\\/([0-9.]+)/):J(/Chrome\\/([0-9.]+)/);if(Ha&&!(B()||x(\"iPad\")||x(\"iPod\")))return J(/Version\\/([0-9.]+)/);if(Da||Ea){var a=/Version\\/(\\S+).*Mobile\\/(\\S+)/.exec(w);if(a)return a[1]+\".\"+a[2]}else if(Fa)return(a=J(/Android\\s+([0-9.]+)/))?a:J(/Version\\/([0-9.]+)/);return\"\"})();var K;if(K=C)K=!(9\u003C=Number(I));var Ia=K;function L(a,b){this.x=void 0!==a?a:0;this.y=void 0!==b?b:0}L.prototype.ceil=function(){this.x=Math.ceil(this.x);this.y=Math.ceil(this.y);return this};L.prototype.floor=function(){this.x=Math.floor(this.x);this.y=Math.floor(this.y);return this};L.prototype.round=function(){this.x=Math.round(this.x);this.y=Math.round(this.y);return this};function M(a,b){this.width=a;this.height=b}M.prototype.aspectRatio=function(){return this.width/this.height};M.prototype.ceil=function(){this.width=Math.ceil(this.width);this.height=Math.ceil(this.height);return this};M.prototype.floor=function(){this.width=Math.floor(this.width);this.height=Math.floor(this.height);return this};M.prototype.round=function(){this.width=Math.round(this.width);this.height=Math.round(this.height);return this};function N(a){return 9==a.nodeType?a:a.ownerDocument||a.document}function Ja(a,b){a&&(a=a.parentNode);for(var c=0;a;){if(b(a))return a;a=a.parentNode;c++}return null}function Ka(a){this.a=a||g.document||document};function P(a,b){b&&\"string\"!==typeof b&&(b=b.toString());return!!a&&1==a.nodeType&&(!b||a.tagName.toUpperCase()==b)};function Q(a,b,c,e){this.f=a;this.a=b;this.b=c;this.c=e}Q.prototype.ceil=function(){this.f=Math.ceil(this.f);this.a=Math.ceil(this.a);this.b=Math.ceil(this.b);this.c=Math.ceil(this.c);return this};Q.prototype.floor=function(){this.f=Math.floor(this.f);this.a=Math.floor(this.a);this.b=Math.floor(this.b);this.c=Math.floor(this.c);return this};Q.prototype.round=function(){this.f=Math.round(this.f);this.a=Math.round(this.a);this.b=Math.round(this.b);this.c=Math.round(this.c);return this};function R(a,b,c,e){this.a=a;this.b=b;this.width=c;this.height=e}R.prototype.ceil=function(){this.a=Math.ceil(this.a);this.b=Math.ceil(this.b);this.width=Math.ceil(this.width);this.height=Math.ceil(this.height);return this};R.prototype.floor=function(){this.a=Math.floor(this.a);this.b=Math.floor(this.b);this.width=Math.floor(this.width);this.height=Math.floor(this.height);return this};\nR.prototype.round=function(){this.a=Math.round(this.a);this.b=Math.round(this.b);this.width=Math.round(this.width);this.height=Math.round(this.height);return this};var La=\"function\"===typeof ShadowRoot;function S(a){for(a=a.parentNode;a&&1!=a.nodeType&&9!=a.nodeType&&11!=a.nodeType;)a=a.parentNode;return P(a)?a:null}\nfunction T(a,b){b=ta(b);if(\"float\"==b||\"cssFloat\"==b||\"styleFloat\"==b)b=Ia?\"styleFloat\":\"cssFloat\";a:{var c=b;var e=N(a);if(e.defaultView&&e.defaultView.getComputedStyle&&(e=e.defaultView.getComputedStyle(a,null))){c=e[c]||e.getPropertyValue(c)||\"\";break a}c=\"\"}a=c||Ma(a,b);if(null===a)a=null;else if(0\u003C=da(ia,b)){b:{var d=a.match(la);if(d&&(b=Number(d[1]),c=Number(d[2]),e=Number(d[3]),d=Number(d[4]),0\u003C=b&&255>=b&&0\u003C=c&&255>=c&&0\u003C=e&&255>=e&&0\u003C=d&&1>=d)){b=[b,c,e,d];break b}b=null}if(!b)b:{if(e=a.match(ma))if(b=\nNumber(e[1]),c=Number(e[2]),e=Number(e[3]),0\u003C=b&&255>=b&&0\u003C=c&&255>=c&&0\u003C=e&&255>=e){b=[b,c,e,1];break b}b=null}if(!b)b:{b=a.toLowerCase();c=ha[b.toLowerCase()];if(!c&&(c=\"#\"==b.charAt(0)?b:\"#\"+b,4==c.length&&(c=c.replace(ja,\"#$1$1$2$2$3$3\")),!ka.test(c))){b=null;break b}b=[parseInt(c.substr(1,2),16),parseInt(c.substr(3,2),16),parseInt(c.substr(5,2),16),1]}a=b?\"rgba(\"+b.join(\", \")+\")\":a}return a}\nfunction Ma(a,b){var c=a.currentStyle||a.style,e=c[b];void 0===e&&\"function\"==aa(c.getPropertyValue)&&(e=c.getPropertyValue(b));return\"inherit\"!=e?void 0!==e?e:null:(a=S(a))?Ma(a,b):null}\nfunction U(a,b,c){function e(h){var n=V(h);return 0\u003Cn.height&&0\u003Cn.width?!0:P(h,\"PATH\")&&(0\u003Cn.height||0\u003Cn.width)?(h=T(h,\"stroke-width\"),!!h&&0\u003CparseInt(h,10)):\"hidden\"!=T(h,\"overflow\")&&ea(h.childNodes,function(D){return 3==D.nodeType||P(D)&&e(D)})}function d(h){return Na(h)==W&&fa(h.childNodes,function(n){return!P(n)||d(n)||!e(n)})}if(!P(a))throw Error(\"Argument to isShown must be of type Element\");if(P(a,\"BODY\"))return!0;if(P(a,\"OPTION\")||P(a,\"OPTGROUP\"))return a=Ja(a,function(h){return P(h,\"SELECT\")}),\n!!a&&U(a,!0,c);var f=Oa(a);if(f)return!!f.image&&0\u003Cf.rect.width&&0\u003Cf.rect.height&&U(f.image,b,c);if(P(a,\"INPUT\")&&\"hidden\"==a.type.toLowerCase()||P(a,\"NOSCRIPT\"))return!1;f=T(a,\"visibility\");return\"collapse\"!=f&&\"hidden\"!=f&&c(a)&&(b||0!=Pa(a))&&e(a)?!d(a):!1}var W=\"hidden\";\nfunction Na(a){function b(k){function l(ba){if(ba==h)return!0;var pa=T(ba,\"display\");return 0==pa.lastIndexOf(\"inline\",0)||\"contents\"==pa||\"absolute\"==qa&&\"static\"==T(ba,\"position\")?!1:!0}var qa=T(k,\"position\");if(\"fixed\"==qa)return ra=!0,k==h?null:h;for(k=S(k);k&&!l(k);)k=S(k);return k}function c(k){var l=k;if(\"visible\"==D)if(k==h&&n)l=n;else if(k==n)return{x:\"visible\",y:\"visible\"};l={x:T(l,\"overflow-x\"),y:T(l,\"overflow-y\")};k==h&&(l.x=\"visible\"==l.x?\"auto\":l.x,l.y=\"visible\"==l.y?\"auto\":l.y);return l}\nfunction e(k){if(k==h){var l=(new Ka(f)).a;k=l.scrollingElement?l.scrollingElement:za||\"CSS1Compat\"!=l.compatMode?l.body||l.documentElement:l.documentElement;l=l.parentWindow||l.defaultView;k=C&&Ba(\"10\")&&l.pageYOffset!=k.scrollTop?new L(k.scrollLeft,k.scrollTop):new L(l.pageXOffset||k.scrollLeft,l.pageYOffset||k.scrollTop)}else k=new L(k.scrollLeft,k.scrollTop);return k}var d=Qa(a),f=N(a),h=f.documentElement,n=f.body,D=T(h,\"overflow\"),ra;for(a=b(a);a;a=b(a)){var q=c(a);if(\"visible\"!=q.x||\"visible\"!=\nq.y){var t=V(a);if(0==t.width||0==t.height)return W;var z=d.a\u003Ct.a,O=d.b\u003Ct.b;if(z&&\"hidden\"==q.x||O&&\"hidden\"==q.y)return W;if(z&&\"visible\"!=q.x||O&&\"visible\"!=q.y){z=e(a);O=d.b\u003Ct.b-z.y;if(d.a\u003Ct.a-z.x&&\"visible\"!=q.x||O&&\"visible\"!=q.x)return W;d=Na(a);return d==W?W:\"scroll\"}z=d.c>=t.a+t.width;t=d.f>=t.b+t.height;if(z&&\"hidden\"==q.x||t&&\"hidden\"==q.y)return W;if(z&&\"visible\"!=q.x||t&&\"visible\"!=q.y){if(ra&&(q=e(a),d.c>=h.scrollWidth-q.x||d.a>=h.scrollHeight-q.y))return W;d=Na(a);return d==W?W:\"scroll\"}}}return\"none\"}\nfunction V(a){var b=Oa(a);if(b)return b.rect;if(P(a,\"HTML\"))return a=N(a),a=((a?a.parentWindow||a.defaultView:window)||window).document,a=\"CSS1Compat\"==a.compatMode?a.documentElement:a.body,a=new M(a.clientWidth,a.clientHeight),new R(0,0,a.width,a.height);try{var c=a.getBoundingClientRect()}catch(e){return new R(0,0,0,0)}b=new R(c.left,c.top,c.right-c.left,c.bottom-c.top);C&&a.ownerDocument.body&&(a=N(a),b.a-=a.documentElement.clientLeft+a.body.clientLeft,b.b-=a.documentElement.clientTop+a.body.clientTop);\nreturn b}\nfunction Oa(a){var b=P(a,\"MAP\");if(!b&&!P(a,\"AREA\"))return null;var c=b?a:P(a.parentNode,\"MAP\")?a.parentNode:null,e=null,d=null;if(c&&c.name){e='*[usemap=\"#'+c.name+'\"]';c=N(c);var f;if(f=\"function\"!=aa(c.querySelector)&&C&&(C?0\u003C=na(I,8):Ba(8))){f=c.querySelector;var h=typeof f;f=!(\"object\"==h&&null!=f||\"function\"==h)}if(f)throw Error(\"CSS selection is not supported\");if(!e)throw new m(32,\"No selector specified\");e=u(e);try{var n=c.querySelector(e)}catch(D){throw new m(32,\"An invalid or illegal selector was specified\");}if(e=\nn&&1==n.nodeType?n:null)d=V(e),b||\"default\"==a.shape.toLowerCase()||(a=Ra(a),b=Math.min(Math.max(a.a,0),d.width),n=Math.min(Math.max(a.b,0),d.height),d=new R(b+d.a,n+d.b,Math.min(a.width,d.width-b),Math.min(a.height,d.height-n)))}return{image:e,rect:d||new R(0,0,0,0)}}\nfunction Ra(a){var b=a.shape.toLowerCase();a=a.coords.split(\",\");if(\"rect\"==b&&4==a.length){b=a[0];var c=a[1];return new R(b,c,a[2]-b,a[3]-c)}if(\"circle\"==b&&3==a.length)return b=a[2],new R(a[0]-b,a[1]-b,2*b,2*b);if(\"poly\"==b&&2\u003Ca.length){b=a[0];c=a[1];for(var e=b,d=c,f=2;f+1\u003Ca.length;f+=2)b=Math.min(b,a[f]),e=Math.max(e,a[f]),c=Math.min(c,a[f+1]),d=Math.max(d,a[f+1]);return new R(b,c,e-b,d-c)}return new R(0,0,0,0)}function Qa(a){a=V(a);return new Q(a.b,a.a+a.width,a.b+a.height,a.a)}\nfunction Pa(a){if(Ia){if(\"relative\"==T(a,\"position\"))return 1;a=T(a,\"filter\");return(a=a.match(/^alpha\\(opacity=(\\d*)\\)/)||a.match(/^progid:DXImageTransform.Microsoft.Alpha\\(Opacity=(\\d*)\\)/))?Number(a[1])/100:1}return Sa(a)}function Sa(a){var b=1,c=T(a,\"opacity\");c&&(b=Number(c));(a=S(a))&&(b*=Sa(a));return b};function Ta(a,b){function c(e){if(P(e)&&\"none\"==T(e,\"display\"))return!1;var d;if((d=e.parentNode)&&d.shadowRoot&&void 0!==e.assignedSlot)d=e.assignedSlot?e.assignedSlot.parentNode:null;else if(e.getDestinationInsertionPoints){var f=e.getDestinationInsertionPoints();0\u003Cf.length&&(d=f[f.length-1])}if(La&&d instanceof ShadowRoot){if(d.host.shadowRoot&&d.host.shadowRoot!==d)return!1;d=d.host}return!d||9!=d.nodeType&&11!=d.nodeType?d&&P(d,\"DETAILS\")&&!d.open&&!P(e,\"SUMMARY\")?!1:!!d&&c(d):!0}return U(a,\n!!b,c)}var X=[\"_\"],Y=g;X[0]in Y||\"undefined\"==typeof Y.execScript||Y.execScript(\"var \"+X[0]);for(var Z;X.length&&(Z=X.shift());)X.length||void 0===Ta?Y[Z]&&Y[Z]!==Object.prototype[Z]?Y=Y[Z]:Y=Y[Z]={}:Y[Z]=Ta;; return this._.apply(null,arguments);}).apply({navigator:typeof window!='undefined'?window.navigator:null,document:typeof window!='undefined'?window.document:null}, arguments);}\n).apply(null, arguments);"
}
[1728288123.620][INFO]: Waiting for pending navigations...
[1728288123.620][DEBUG]: DevTools WebSocket Command: Runtime.evaluate (id=33) (session_id=D138217FB8E61B9E1A11932D6B6119D4) F0CD0C35B6B14C27B8460D10538DFED4 {
   "expression": "1"
}
[1728288123.620][DEBUG]: DevTools WebSocket Response: Runtime.evaluate (id=33) (session_id=D138217FB8E61B9E1A11932D6B6119D4) F0CD0C35B6B14C27B8460D10538DFED4 {
   "result": {
      "description": "1",
      "type": "number",
      "value": 1
   }
}
[1728288123.620][INFO]: Done waiting for pending navigations. Status: ok
[1728288123.620][DEBUG]: DevTools WebSocket Command: Page.getFrameTree (id=34) (session_id=D138217FB8E61B9E1A11932D6B6119D4) F0CD0C35B6B14C27B8460D10538DFED4 {
}
[1728288123.620][DEBUG]: DevTools WebSocket Response: Page.getFrameTree (id=34) (session_id=D138217FB8E61B9E1A11932D6B6119D4) F0CD0C35B6B14C27B8460D10538DFED4 {
   "frameTree": {
      "frame": {
         "adFrameStatus": {
            "adFrameType": "none"
         },
         "crossOriginIsolatedContextType": "NotIsolated",
         "domainAndRegistry": "daum.net",
         "gatedAPIFeatures": [  ],
         "id": "F0CD0C35B6B14C27B8460D10538DFED4",
         "loaderId": "387C8F82B2454C12A1798E77B4095D66",
         "mimeType": "text/html",
         "secureContextType": "Secure",
         "securityOrigin": "https://sports.daum.net",
         "url": "https://sports.daum.net/schedule/kbo?date=202410"
      }
   }
}
[1728288123.620][DEBUG]: DevTools WebSocket Command: DOM.resolveNode (id=35) (session_id=D138217FB8E61B9E1A11932D6B6119D4) F0CD0C35B6B14C27B8460D10538DFED4 {
   "backendNodeId": 4199,
   "objectGroup": "da211a63-2e38-40ae-a3c5-1da2a464cdd7"
}
[1728288123.621][DEBUG]: DevTools WebSocket Response: DOM.resolveNode (id=35) (session_id=D138217FB8E61B9E1A11932D6B6119D4) F0CD0C35B6B14C27B8460D10538DFED4 {
   "object": {
      "className": "HTMLTableSectionElement",
      "description": "tbody#scheduleList",
      "objectId": "-2145669742378570461.1.2",
      "subtype": "node",
      "type": "object"
   }
}
[1728288123.621][DEBUG]: DevTools WebSocket Command: Page.getFrameTree (id=36) (session_id=D138217FB8E61B9E1A11932D6B6119D4) F0CD0C35B6B14C27B8460D10538DFED4 {
}
[1728288123.621][DEBUG]: DevTools WebSocket Response: Page.getFrameTree (id=36) (session_id=D138217FB8E61B9E1A11932D6B6119D4) F0CD0C35B6B14C27B8460D10538DFED4 {
   "frameTree": {
      "frame": {
         "adFrameStatus": {
            "adFrameType": "none"
         },
         "crossOriginIsolatedContextType": "NotIsolated",
         "domainAndRegistry": "daum.net",
         "gatedAPIFeatures": [  ],
         "id": "F0CD0C35B6B14C27B8460D10538DFED4",
         "loaderId": "387C8F82B2454C12A1798E77B4095D66",
         "mimeType": "text/html",
         "secureContextType": "Secure",
         "securityOrigin": "https://sports.daum.net",
         "url": "https://sports.daum.net/schedule/kbo?date=202410"
      }
   }
}
[1728288123.621][DEBUG]: DevTools WebSocket Command: Runtime.callFunctionOn (id=37) (session_id=D138217FB8E61B9E1A11932D6B6119D4) F0CD0C35B6B14C27B8460D10538DFED4 {
   "arguments": [ {
      "objectId": "-2145669742378570461.1.2"
   } ],
   "awaitPromise": true,
   "functionDeclaration": "function(){ return (function() { // Copyright 2012 The Chromium Authors\n// Use of this source code is governed by a BSD-style license that can be\n// found in the LICENSE file.\n\n/**\n * Enum for WebD...",
   "objectGroup": "da211a63-2e38-40ae-a3c5-1da2a464cdd7",
   "serializationOptions": {
      "serialization": "deep"
   },
   "uniqueContextId": "7651667660932808261.3066021462235701790"
}
[1728288123.625][DEBUG]: DevTools WebSocket Response: Runtime.callFunctionOn (id=37) (session_id=D138217FB8E61B9E1A11932D6B6119D4) F0CD0C35B6B14C27B8460D10538DFED4 {
   "result": {
      "className": "Array",
      "deepSerializedValue": {
         "type": "array",
         "value": [ {
            "type": "string",
            "value": "{\"status\":0,\"value\":true}"
         } ]
      },
      "description": "Array(1)",
      "objectId": "-2145669742378570461.1.3",
      "subtype": "array",
      "type": "object"
   }
}
[1728288123.625][DEBUG]: DevTools WebSocket Command: Runtime.releaseObjectGroup (id=38) (session_id=D138217FB8E61B9E1A11932D6B6119D4) F0CD0C35B6B14C27B8460D10538DFED4 {
   "objectGroup": "da211a63-2e38-40ae-a3c5-1da2a464cdd7"
}
[1728288123.625][INFO]: Waiting for pending navigations...
[1728288123.625][DEBUG]: DevTools WebSocket Command: Runtime.evaluate (id=39) (session_id=D138217FB8E61B9E1A11932D6B6119D4) F0CD0C35B6B14C27B8460D10538DFED4 {
   "expression": "1"
}
[1728288123.626][DEBUG]: DevTools WebSocket Response: Runtime.releaseObjectGroup (id=38) (session_id=D138217FB8E61B9E1A11932D6B6119D4) F0CD0C35B6B14C27B8460D10538DFED4 {
}
[1728288123.626][DEBUG]: DevTools WebSocket Response: Runtime.evaluate (id=39) (session_id=D138217FB8E61B9E1A11932D6B6119D4) F0CD0C35B6B14C27B8460D10538DFED4 {
   "result": {
      "description": "1",
      "type": "number",
      "value": 1
   }
}
[1728288123.626][INFO]: Done waiting for pending navigations. Status: ok
[1728288123.626][INFO]: [86a1192e320c2f31f75d1fb0fd9d3898] RESPONSE ExecuteScript true
[1728288123.627][INFO]: [86a1192e320c2f31f75d1fb0fd9d3898] COMMAND ExecuteScript {
   "args": [  ],
   "script": "var source = document.documentElement.outerHTML; \nif (!source) { source = new XMLSerializer().serializeToString(document); }\nreturn source;"
}
[1728288123.627][INFO]: Waiting for pending navigations...
[1728288123.627][DEBUG]: DevTools WebSocket Command: Runtime.evaluate (id=40) (session_id=D138217FB8E61B9E1A11932D6B6119D4) F0CD0C35B6B14C27B8460D10538DFED4 {
   "expression": "1"
}
[1728288123.628][DEBUG]: DevTools WebSocket Response: Runtime.evaluate (id=40) (session_id=D138217FB8E61B9E1A11932D6B6119D4) F0CD0C35B6B14C27B8460D10538DFED4 {
   "result": {
      "description": "1",
      "type": "number",
      "value": 1
   }
}
[1728288123.628][INFO]: Done waiting for pending navigations. Status: ok
[1728288123.628][DEBUG]: DevTools WebSocket Command: Page.getFrameTree (id=41) (session_id=D138217FB8E61B9E1A11932D6B6119D4) F0CD0C35B6B14C27B8460D10538DFED4 {
}
[1728288123.628][DEBUG]: DevTools WebSocket Response: Page.getFrameTree (id=41) (session_id=D138217FB8E61B9E1A11932D6B6119D4) F0CD0C35B6B14C27B8460D10538DFED4 {
   "frameTree": {
      "frame": {
         "adFrameStatus": {
            "adFrameType": "none"
         },
         "crossOriginIsolatedContextType": "NotIsolated",
         "domainAndRegistry": "daum.net",
         "gatedAPIFeatures": [  ],
         "id": "F0CD0C35B6B14C27B8460D10538DFED4",
         "loaderId": "387C8F82B2454C12A1798E77B4095D66",
         "mimeType": "text/html",
         "secureContextType": "Secure",
         "securityOrigin": "https://sports.daum.net",
         "url": "https://sports.daum.net/schedule/kbo?date=202410"
      }
   }
}
[1728288123.628][DEBUG]: DevTools WebSocket Command: Page.getFrameTree (id=42) (session_id=D138217FB8E61B9E1A11932D6B6119D4) F0CD0C35B6B14C27B8460D10538DFED4 {
}
[1728288123.628][DEBUG]: DevTools WebSocket Response: Page.getFrameTree (id=42) (session_id=D138217FB8E61B9E1A11932D6B6119D4) F0CD0C35B6B14C27B8460D10538DFED4 {
   "frameTree": {
      "frame": {
         "adFrameStatus": {
            "adFrameType": "none"
         },
         "crossOriginIsolatedContextType": "NotIsolated",
         "domainAndRegistry": "daum.net",
         "gatedAPIFeatures": [  ],
         "id": "F0CD0C35B6B14C27B8460D10538DFED4",
         "loaderId": "387C8F82B2454C12A1798E77B4095D66",
         "mimeType": "text/html",
         "secureContextType": "Secure",
         "securityOrigin": "https://sports.daum.net",
         "url": "https://sports.daum.net/schedule/kbo?date=202410"
      }
   }
}
[1728288123.628][DEBUG]: DevTools WebSocket Command: Runtime.callFunctionOn (id=43) (session_id=D138217FB8E61B9E1A11932D6B6119D4) F0CD0C35B6B14C27B8460D10538DFED4 {
   "arguments": [  ],
   "awaitPromise": true,
   "functionDeclaration": "function(){ return (function() { // Copyright 2012 The Chromium Authors\n// Use of this source code is governed by a BSD-style license that can be\n// found in the LICENSE file.\n\n/**\n * Enum for WebD...",
   "serializationOptions": {
      "serialization": "deep"
   },
   "uniqueContextId": "7651667660932808261.3066021462235701790"
}
[1728288123.634][DEBUG]: DevTools WebSocket Response: Runtime.callFunctionOn (id=43) (session_id=D138217FB8E61B9E1A11932D6B6119D4) F0CD0C35B6B14C27B8460D10538DFED4 {
   "result": {
      "className": "Array",
      "deepSerializedValue": {
         "type": "array",
         "value": [ {
            "type": "string",
            "value": "{\"status\":0,\"value\":\"\u003Chtml lang=\\\"ko\\\" class=\\\"os_windows browser_chrome\\\">\u003Chead>\\n    \u003Cmeta charset=\\\"utf-8\\\">\\n\u003Cmeta http-equiv=\\\"X-UA-Compatible\\\" content=\\\"IE=Edge\\\">\\n\u003Cmeta name=\\\"svcdomain\\\" ..."
         } ]
      },
      "description": "Array(1)",
      "objectId": "-2145669742378570461.1.4",
      "subtype": "array",
      "type": "object"
   }
}
[1728288123.634][INFO]: Waiting for pending navigations...
[1728288123.634][DEBUG]: DevTools WebSocket Command: Runtime.evaluate (id=44) (session_id=D138217FB8E61B9E1A11932D6B6119D4) F0CD0C35B6B14C27B8460D10538DFED4 {
   "expression": "1"
}
[1728288123.635][DEBUG]: DevTools WebSocket Response: Runtime.evaluate (id=44) (session_id=D138217FB8E61B9E1A11932D6B6119D4) F0CD0C35B6B14C27B8460D10538DFED4 {
   "result": {
      "description": "1",
      "type": "number",
      "value": 1
   }
}
[1728288123.635][INFO]: Done waiting for pending navigations. Status: ok
[1728288123.635][INFO]: [86a1192e320c2f31f75d1fb0fd9d3898] RESPONSE ExecuteScript "\u003Chtml lang=\"ko\" class=\"os_windows browser_chrome\">\u003Chead>\n    \u003Cmeta charset=\"utf-8\">\n\u003Cmeta http-equiv=\"X-UA-Compatible\" content=\"IE=Edge\">\n\u003Cmeta name=\"svcdomain\" content=\"sports.media.daum.net\">\n\n\u003Cm..."
[1728288123.644][INFO]: [86a1192e320c2f31f75d1fb0fd9d3898] COMMAND Quit {
}
[1728288123.690][INFO]: [86a1192e320c2f31f75d1fb0fd9d3898] RESPONSE Quit
[1728288123.690][DEBUG]: Log type 'driver' lost 0 entries on destruction
[1728288123.690][DEBUG]: Log type 'browser' lost 0 entries on destruction
